<?xml version="1.0" encoding="UTF-8"?>
<!-- Generated by org.testng.reporters.JUnitReportReporter -->
<testsuite hostname="Sagars-iMac.local" name="basicSelemiun.verifyPageInfo" tests="2" failures="0" timestamp="4 Aug 2018 16:15:52 GMT" time="1.861" errors="0">
  <testcase name="verifyInfo" time="1.707" classname="basicSelemiun.verifyPageInfo"/>
  <testcase name="findElements" time="0.154" classname="basicSelemiun.verifyPageInfo"/>
</testsuite> <!-- basicSelemiun.verifyPageInfo -->
