<?xml version="1.0" encoding="UTF-8"?>
<!-- Generated by org.testng.reporters.JUnitReportReporter -->
<testsuite hostname="Sagars-iMac.local" name="basicSelenium.HighlightElement" tests="1" failures="0" timestamp="9 Aug 2018 03:24:25 GMT" time="5.785" errors="0">
  <testcase name="highlight" time="5.785" classname="basicSelenium.HighlightElement"/>
</testsuite> <!-- basicSelenium.HighlightElement -->
