<?xml version="1.0" encoding="UTF-8"?>
<!-- Generated by org.testng.reporters.JUnitReportReporter -->
<testsuite hostname="Sagars-iMac.local" name="basicSelenium.DragDrop" tests="1" failures="0" timestamp="4 Aug 2018 20:18:14 GMT" time="0.212" errors="0">
  <testcase name="dragDropElement" time="0.212" classname="basicSelenium.DragDrop"/>
</testsuite> <!-- basicSelenium.DragDrop -->
