<?xml version="1.0" encoding="UTF-8"?>
<!-- Generated by org.testng.reporters.JUnitReportReporter -->
<testsuite hostname="Sagars-iMac.local" name="basicSelenium.FromKatalon" tests="1" failures="0" timestamp="5 Aug 2018 15:58:01 GMT" time="4.098" errors="0">
  <testcase name="testCase1" time="4.098" classname="basicSelenium.FromKatalon"/>
</testsuite> <!-- basicSelenium.FromKatalon -->
