<?xml version="1.0" encoding="UTF-8"?>
<!-- Generated by org.testng.reporters.JUnitReportReporter -->
<testsuite hostname="Sagars-iMac.local" name="basicSelenium.getTitle" tests="1" failures="0" timestamp="11 Aug 2018 21:36:38 GMT" time="2.815" errors="0">
  <testcase name="checkTitle" time="2.815" classname="basicSelenium.getTitle"/>
</testsuite> <!-- basicSelenium.getTitle -->
