<?xml version="1.0" encoding="UTF-8"?>
<!-- Generated by org.testng.reporters.JUnitReportReporter -->
<testsuite hostname="Sagars-iMac.local" name="basicSelenium.NavigateBack" tests="1" failures="0" timestamp="11 Aug 2018 21:53:20 GMT" time="10.410" errors="0">
  <testcase name="navigateBackVerify" time="10.410" classname="basicSelenium.NavigateBack"/>
</testsuite> <!-- basicSelenium.NavigateBack -->
