<?xml version="1.0" encoding="UTF-8"?>
<!-- Generated by org.testng.reporters.JUnitReportReporter -->
<testsuite hostname="Sagars-iMac.local" name="testCases.TestCaseVerifyInfo" tests="2" failures="0" timestamp="4 Aug 2018 19:02:22 GMT" time="1.502" errors="0">
  <testcase name="step2_verifyPageInfo" time="1.369" classname="testCases.TestCaseVerifyInfo"/>
  <testcase name="step3_findElementOnthePage" time="0.133" classname="testCases.TestCaseVerifyInfo"/>
</testsuite> <!-- testCases.TestCaseVerifyInfo -->
