<?xml version="1.0" encoding="UTF-8"?>
<!-- Generated by org.testng.reporters.JUnitReportReporter -->
<testsuite hostname="Sagars-iMac.local" name="basicSelenium.Frames" tests="1" failures="0" timestamp="5 Aug 2018 18:59:24 GMT" time="2.890" errors="0">
  <testcase name="findFrames" time="2.890" classname="basicSelenium.Frames"/>
</testsuite> <!-- basicSelenium.Frames -->
