<?xml version="1.0" encoding="UTF-8"?>
<!-- Generated by org.testng.reporters.JUnitReportReporter -->
<testsuite hostname="Sagars-iMac.local" name="basicSelemiun.RadioButton" tests="2" failures="0" timestamp="4 Aug 2018 16:52:02 GMT" time="3.216" errors="0">
  <testcase name="testSetup" time="2.978" classname="basicSelemiun.RadioButton"/>
  <testcase name="radioButtonSelect" time="0.238" classname="basicSelemiun.RadioButton"/>
</testsuite> <!-- basicSelemiun.RadioButton -->
