<?xml version="1.0" encoding="UTF-8"?>
<!-- Generated by org.testng.reporters.JUnitReportReporter -->
<testsuite hostname="Sagars-iMac.local" name="testCases.TestCase_ScrollUntilElementVisible" tests="2" failures="0" timestamp="16 Aug 2018 02:05:44 GMT" time="8.617" errors="0">
  <testcase name="scrollUntilElement" time="5.979" classname="testCases.TestCase_ScrollUntilElementVisible"/>
  <testcase name="step2_scrollUntilElementIsVisible" time="2.638" classname="testCases.TestCase_ScrollUntilElementVisible"/>
</testsuite> <!-- testCases.TestCase_ScrollUntilElementVisible -->
