<?xml version="1.0" encoding="UTF-8"?>
<!-- Generated by org.testng.reporters.JUnitReportReporter -->
<testsuite hostname="Sagars-iMac.local" name="testCases.TestCase_Alerts" tests="1" failures="0" timestamp="5 Aug 2018 20:28:36 GMT" time="9.147" errors="0">
  <testcase name="step2_Alerts" time="9.147" classname="testCases.TestCase_Alerts"/>
</testsuite> <!-- testCases.TestCase_Alerts -->
