<?xml version="1.0" encoding="UTF-8"?>
<!-- Generated by org.testng.reporters.JUnitReportReporter -->
<testsuite hostname="Sagars-iMac.local" name="basicSelemiun.TestSuite" tests="4" failures="0" timestamp="4 Aug 2018 18:06:24 GMT" time="30.047" errors="0">
  <testcase name="testCase3_CheckBox" time="5.967" classname="basicSelemiun.TestSuite"/>
  <testcase name="testCase2_RadioButton" time="6.193" classname="basicSelemiun.TestSuite"/>
  <testcase name="testCase1_VerifyInfo" time="3.668" classname="basicSelemiun.TestSuite"/>
  <testcase name="testCase4_DropDown" time="14.219" classname="basicSelemiun.TestSuite"/>
</testsuite> <!-- basicSelemiun.TestSuite -->
