<?xml version="1.0" encoding="UTF-8"?>
<!-- Generated by org.testng.reporters.JUnitReportReporter -->
<testsuite hostname="Sagars-iMac.local" name="testCases.TestCase_HandleCalendar" tests="1" failures="0" timestamp="5 Aug 2018 23:37:39 GMT" time="9.482" errors="0">
  <testcase name="step2_HandleCalendar" time="9.482" classname="testCases.TestCase_HandleCalendar"/>
</testsuite> <!-- testCases.TestCase_HandleCalendar -->
