<?xml version="1.0" encoding="UTF-8"?>
<!-- Generated by org.testng.reporters.JUnitReportReporter -->
<testsuite hostname="Sagars-iMac.local" name="basicSelemiun.DropDown" tests="3" failures="0" timestamp="4 Aug 2018 18:04:04 GMT" time="13.002" errors="0">
  <testcase name="testSetup" time="2.846" classname="basicSelemiun.DropDown"/>
  <testcase name="dropDownSelection" time="8.042" classname="basicSelemiun.DropDown"/>
  <testcase name="pressSignUp" time="2.114" classname="basicSelemiun.DropDown"/>
</testsuite> <!-- basicSelemiun.DropDown -->
