<?xml version="1.0" encoding="UTF-8"?>
<!-- Generated by org.testng.reporters.JUnitReportReporter -->
<testsuite hostname="Sagars-iMac.local" name="basicSelenium.TestSuite" tests="4" failures="0" timestamp="4 Aug 2018 19:01:45 GMT" time="33.265" errors="0">
  <testcase name="testCase3_CheckBox" time="5.703" classname="basicSelenium.TestSuite"/>
  <testcase name="testCase2_RadioButton" time="5.543" classname="basicSelenium.TestSuite"/>
  <testcase name="testCase1_VerifyInfo" time="7.781" classname="basicSelenium.TestSuite"/>
  <testcase name="testCase4_DropDown" time="14.238" classname="basicSelenium.TestSuite"/>
</testsuite> <!-- basicSelenium.TestSuite -->
