<?xml version="1.0" encoding="UTF-8"?>
<!-- Generated by org.testng.reporters.JUnitReportReporter -->
<<<<<<< HEAD
<testsuite hostname="Sagars-iMac.local" name="basicSelenium.SetProxy" tests="1" failures="0" timestamp="13 Sep 2018 23:44:52 GMT" time="2.125" errors="0">
  <testcase name="setHTTPProxy" time="2.125" classname="basicSelenium.SetProxy"/>
=======
<testsuite hostname="Sagars-iMac.local" name="basicSelenium.SetProxy" tests="1" failures="0" timestamp="9 Aug 2018 00:35:10 GMT" time="5.308" errors="0">
  <testcase name="setHTTPProxy" time="5.308" classname="basicSelenium.SetProxy"/>
>>>>>>> master
</testsuite> <!-- basicSelenium.SetProxy -->
