<?xml version="1.0" encoding="UTF-8"?>
<!-- Generated by org.testng.reporters.JUnitReportReporter -->
<testsuite hostname="Sagars-iMac.local" name="basicSelenium.ReadLogFile" tests="1" failures="0" timestamp="7 Aug 2018 02:39:42 GMT" time="5.236" errors="0">
  <testcase name="readLog" time="5.236" classname="basicSelenium.ReadLogFile"/>
</testsuite> <!-- basicSelenium.ReadLogFile -->
