<?xml version="1.0" encoding="UTF-8"?>
<!-- Generated by org.testng.reporters.JUnitReportReporter -->
<testsuite hostname="Sagars-iMac.local" name="basicSelenium.Checkbox" tests="1" failures="0" timestamp="8 Aug 2018 02:26:21 GMT" time="4.624" errors="0">
  <testcase name="checkBoxSelect" time="4.624" classname="basicSelenium.Checkbox"/>
</testsuite> <!-- basicSelenium.Checkbox -->
