<?xml version="1.0" encoding="UTF-8"?>
<!-- Generated by org.testng.reporters.JUnitReportReporter -->
<testsuite hostname="Sagars-iMac.local" name="basicSelenium.ScrollUntilElementFound" tests="1" failures="0" timestamp="8 Aug 2018 23:44:59 GMT" time="1.689" errors="0">
  <testcase name="scrollUntilElement" time="1.689" classname="basicSelenium.ScrollUntilElementFound"/>
</testsuite> <!-- basicSelenium.ScrollUntilElementFound -->
