<?xml version="1.0" encoding="UTF-8"?>
<!-- Generated by org.testng.reporters.JUnitReportReporter -->
<testsuite hostname="Sagars-iMac.local" name="basicSelenium.Alerts" tests="1" failures="0" timestamp="5 Aug 2018 20:23:28 GMT" time="10.010" errors="0">
  <testcase name="testAlert" time="10.010" classname="basicSelenium.Alerts"/>
</testsuite> <!-- basicSelenium.Alerts -->
