<?xml version="1.0" encoding="UTF-8"?>
<!-- Generated by org.testng.reporters.JUnitReportReporter -->
<testsuite hostname="Sagars-iMac.local" name="SomeRandomTests.SelectCityFromAvailableCities" tests="1" failures="0" timestamp="19 Sep 2018 01:28:53 GMT" time="36.100" errors="0">
  <testcase name="checkbusestoMumbai" time="36.100" classname="SomeRandomTests.SelectCityFromAvailableCities"/>
</testsuite> <!-- SomeRandomTests.SelectCityFromAvailableCities -->
