<?xml version="1.0" encoding="UTF-8"?>
<!-- Generated by org.testng.reporters.JUnitReportReporter -->
<testsuite hostname="Sagars-iMac.local" name="basicSelenium.ErrorCases" tests="1" failures="0" timestamp="10 Aug 2018 02:32:10 GMT" time="2.557" errors="0">
  <testcase name="compareElement" time="2.557" classname="basicSelenium.ErrorCases"/>
</testsuite> <!-- basicSelenium.ErrorCases -->
