<?xml version="1.0" encoding="UTF-8"?>
<!-- Generated by org.testng.reporters.JUnitReportReporter -->
<testsuite hostname="Sagars-iMac.local" name="basicSelemiun.TestCaseVerifyInfo" tests="2" failures="0" timestamp="4 Aug 2018 16:24:26 GMT" time="2.259" errors="0">
  <testcase name="step2_verifyPageInfo" time="2.085" classname="basicSelemiun.TestCaseVerifyInfo"/>
  <testcase name="step3_findElementOnthePage" time="0.174" classname="basicSelemiun.TestCaseVerifyInfo"/>
</testsuite> <!-- basicSelemiun.TestCaseVerifyInfo -->
