<?xml version="1.0" encoding="UTF-8"?>
<!-- Generated by org.testng.reporters.JUnitReportReporter -->
<testsuite hostname="Sagars-iMac.local" name="basicSelemiun.Checkbox" tests="2" failures="0" timestamp="4 Aug 2018 17:05:23 GMT" time="3.477" errors="0">
  <testcase name="testSetup" time="2.881" classname="basicSelemiun.Checkbox"/>
  <testcase name="checkBoxSelect" time="0.596" classname="basicSelemiun.Checkbox"/>
</testsuite> <!-- basicSelemiun.Checkbox -->
