<?xml version="1.0" encoding="UTF-8"?>
<!-- Generated by org.testng.reporters.JUnitReportReporter -->
<testsuite hostname="Sagars-iMac.local" name="testCases.TestCase_Inheritance" tests="1" failures="0" timestamp="5 Aug 2018 17:13:03 GMT" time="0.825" errors="0">
  <testcase name="setup" time="0.825" classname="testCases.TestCase_Inheritance"/>
</testsuite> <!-- testCases.TestCase_Inheritance -->
