<?xml version="1.0" encoding="UTF-8"?>
<!-- Generated by org.testng.reporters.JUnitReportReporter -->
<testsuite hostname="Sagars-iMac.local" name="basicSelenium.HandleMultipleWindows" tests="1" failures="0" timestamp="5 Aug 2018 04:07:00 GMT" time="17.639" errors="0">
  <testcase name="multipleWindows" time="17.639" classname="basicSelenium.HandleMultipleWindows"/>
</testsuite> <!-- basicSelenium.HandleMultipleWindows -->
