<?xml version="1.0" encoding="UTF-8"?>
<!-- Generated by org.testng.reporters.JUnitReportReporter -->
<testsuite hostname="Sagars-iMac.local" name="basicSelenium.verifyPageInfo" tests="2" failures="0" timestamp="5 Aug 2018 03:42:34 GMT" time="1.274" errors="0">
  <testcase name="verifyInfo" time="0.833" classname="basicSelenium.verifyPageInfo"/>
  <testcase name="findElements" time="0.441" classname="basicSelenium.verifyPageInfo"/>
</testsuite> <!-- basicSelenium.verifyPageInfo -->
