<?xml version="1.0" encoding="UTF-8"?>
<!-- Generated by org.testng.reporters.JUnitReportReporter -->
<testsuite hostname="Sagars-iMac.local" name="basicSelenium.SelectDateFromDatePicker" tests="1" failures="0" timestamp="18 Sep 2018 01:04:34 GMT" time="20.244" errors="0">
  <testcase name="checkbuses" time="20.244" classname="basicSelenium.SelectDateFromDatePicker"/>
</testsuite> <!-- basicSelenium.SelectDateFromDatePicker -->
