<?xml version="1.0" encoding="UTF-8"?>
<!-- Generated by org.testng.reporters.JUnitReportReporter -->
<testsuite hostname="Sagars-iMac.local" name="testSuite.TestSuite" tests="7" failures="0" timestamp="7 Aug 2018 21:42:11 GMT" time="38.642" errors="0">
  <testcase name="testCase5_DragDrop" time="2.107" classname="testSuite.TestSuite"/>
  <testcase name="testCase3_CheckBox" time="5.069" classname="testSuite.TestSuite"></testcase>
  <testcase name="testCase2_RadioButton" time="5.036" classname="testSuite.TestSuite"/>
  <testcase name="testCase11_Alerts" time="11.078" classname="testSuite.TestSuite"/>
  <testcase name="testCase10_Inherit" time="3.348" classname="testSuite.TestSuite"/>
  <testcase name="testCase12_HandleCalendar" time="8.507" classname="testSuite.TestSuite"/>
  <testcase name="testCase1_VerifyInfo" time="3.497" classname="testSuite.TestSuite"/>
</testsuite> <!-- testSuite.TestSuite -->
