<?xml version="1.0" encoding="UTF-8"?>
<!-- Generated by org.testng.reporters.JUnitReportReporter -->
<testsuite hostname="Sagars-iMac.local" name="basicSelenium.InheritanceTest" tests="1" failures="0" timestamp="5 Aug 2018 17:03:00 GMT" time="1.572" errors="0">
  <testcase name="inherit" time="1.572" classname="basicSelenium.InheritanceTest"/>
</testsuite> <!-- basicSelenium.InheritanceTest -->
