<?xml version="1.0" encoding="UTF-8"?>
<!-- Generated by org.testng.reporters.JUnitReportReporter -->
<testsuite hostname="Sagars-iMac.local" name="basicSelenium.NavigateForward" tests="2" failures="0" timestamp="11 Aug 2018 21:41:19 GMT" time="5.491" errors="0">
  <testcase name="navigateForward" time="0.350" classname="basicSelenium.NavigateForward"/>
  <testcase name="navigateBackVerify" time="5.141" classname="basicSelenium.NavigateForward"/>
</testsuite> <!-- basicSelenium.NavigateForward -->
