<?xml version="1.0" encoding="UTF-8"?>
<!-- Generated by org.testng.reporters.JUnitReportReporter -->
<testsuite hostname="Sagars-iMac.local" name="basicSelenium.VerifyErrorMessage" tests="1" failures="0" timestamp="5 Aug 2018 03:34:02 GMT" time="0.923" errors="0">
  <testcase name="verifyError" time="0.923" classname="basicSelenium.VerifyErrorMessage"/>
</testsuite> <!-- basicSelenium.VerifyErrorMessage -->
