<?xml version="1.0" encoding="UTF-8"?>
<!-- Generated by org.testng.reporters.JUnitReportReporter -->
<testsuite hostname="Sagars-iMac.local" name="basicSelenium.MouseActivities" tests="4" failures="0" timestamp="4 Aug 2018 23:47:57 GMT" time="8.096" errors="0">
  <testcase name="doubleClick" time="0.001" classname="basicSelenium.MouseActivities"/>
  <testcase name="rightClick" time="4.398" classname="basicSelenium.MouseActivities"/>
  <testcase name="keyBoardEvents" time="0.001" classname="basicSelenium.MouseActivities"/>
  <testcase name="mouseHover" time="3.696" classname="basicSelenium.MouseActivities"/>
</testsuite> <!-- basicSelenium.MouseActivities -->
