<?xml version="1.0" encoding="UTF-8"?>
<!-- Generated by org.testng.reporters.JUnitReportReporter -->
<testsuite hostname="Sagars-iMac.local" name="testCases.TestCase_CheckBox" tests="1" failures="0" timestamp="8 Aug 2018 02:28:00 GMT" time="4.307" errors="0">
  <testcase name="step3_checkBoxSelect" time="4.307" classname="testCases.TestCase_CheckBox"/>
</testsuite> <!-- testCases.TestCase_CheckBox -->
